\BOOKMARK [0][-]{chapter.1}{\332vod}{}% 1
\BOOKMARK [0][-]{chapter.2}{Analytick\351 \372lohy nad pr\372dom d\341t}{}% 2
\BOOKMARK [1][-]{section.2.1}{Dopyty nad pr\372dom d\341t}{chapter.2}% 3
\BOOKMARK [1][-]{section.2.2}{Detekcia zmien}{chapter.2}% 4
\BOOKMARK [1][-]{section.2.3}{Detekcia anom\341li\355}{chapter.2}% 5
\BOOKMARK [1][-]{section.2.4}{Zhlukovanie}{chapter.2}% 6
\BOOKMARK [1][-]{section.2.5}{Klasifik\341cia}{chapter.2}% 7
\BOOKMARK [1][-]{section.2.6}{Zhodnotenie}{chapter.2}% 8
\BOOKMARK [0][-]{chapter.3}{Pr\355stupy vizualiz\341cie modelov}{}% 9
\BOOKMARK [0][-]{chapter.4}{Existuj\372ce vizualizacn\351 a analytick\351 n\341stroje}{}% 10
\BOOKMARK [1][-]{section.4.1}{Massive online analysis}{chapter.4}% 11
\BOOKMARK [1][-]{section.4.2}{WEKA}{chapter.4}% 12
\BOOKMARK [1][-]{section.4.3}{RapidMiner a Streams-Plugin}{chapter.4}% 13
\BOOKMARK [1][-]{section.4.4}{StreamBase}{chapter.4}% 14
\BOOKMARK [1][-]{section.4.5}{Spark}{chapter.4}% 15
\BOOKMARK [1][-]{section.4.6}{Dal\235ie n\341stroje}{chapter.4}% 16
\BOOKMARK [0][-]{chapter.5}{Klasifik\341cia rozhodovac\355mi stromami}{}% 17
\BOOKMARK [1][-]{section.5.1}{Spracovanie pr\372du d\341t}{chapter.5}% 18
\BOOKMARK [1][-]{section.5.2}{Met\363da klasifik\341cie pr\372du d\341t}{chapter.5}% 19
\BOOKMARK [0][-]{chapter.6}{Vizualiz\341cia modelu rozhodovac\355ch stromov}{}% 20
\BOOKMARK [1][-]{section.6.1}{N\341vrh vizualiz\341cie}{chapter.6}% 21
\BOOKMARK [1][-]{section.6.2}{Implement\341cia vizualiz\341cie}{chapter.6}% 22
\BOOKMARK [0][-]{chapter.7}{Vyhodnotenie}{}% 23
\BOOKMARK [1][-]{section.7.1}{Kvantitat\355vne vyhodnotenie klasifik\341cie}{chapter.7}% 24
\BOOKMARK [2][-]{subsection.7.1.1}{Testovacie d\341ta}{section.7.1}% 25
\BOOKMARK [2][-]{subsection.7.1.2}{V\375sledky kvantitat\355vnych experimentov}{section.7.1}% 26
\BOOKMARK [1][-]{section.7.2}{Kvalitat\355vne vyhodnotenie vizualiz\341cie}{chapter.7}% 27
\BOOKMARK [2][-]{subsection.7.2.1}{Pou\236\355vatelsk\341 \235t\372dia}{section.7.2}% 28
\BOOKMARK [2][-]{subsection.7.2.2}{V\375sledky pou\236\355vatelskej \235t\372die}{section.7.2}% 29
\BOOKMARK [0][-]{chapter.8}{Zhodnotenie a bud\372ca pr\341ca}{}% 30
\BOOKMARK [0][-]{chapter.8}{Literat\372ra}{}% 31
\BOOKMARK [0][-]{appendix*.35}{Pr\355lohy}{}% 32
\BOOKMARK [1][-]{section.Alph0.1}{Technick\341 dokument\341cia}{appendix*.35}% 33
\BOOKMARK [1][-]{section.Alph0.2}{Pl\341n zimn\351ho semestra 2016/2017}{appendix*.35}% 34
\BOOKMARK [1][-]{section.Alph0.3}{Pl\341n letn\351ho semestra 2016/2017}{appendix*.35}% 35
\BOOKMARK [1][-]{section.Alph0.4}{Cl\341nok prezentovan\375 na konferencii IIT.SRC 2017}{appendix*.35}% 36
